This file contains any messages produced by compilers while
running configure, to aid debugging if configure makes a mistake.

It was created by fastcgi2 configure 2.0-1, which was
generated by GNU Autoconf 2.69.  Invocation command line was

  $ ./configure --enable-maintainer-mode --prefix=/usr --sysconfdir=/etc/fastcgi2 --localstatedir=/var/log/fastcgi2 --enable-cppunit

## --------- ##
## Platform. ##
## --------- ##

hostname = AlexanderVM
uname -m = x86_64
uname -r = 3.19.0-25-generic
uname -s = Linux
uname -v = #26~14.04.1-Ubuntu SMP Fri Jul 24 21:16:20 UTC 2015

/usr/bin/uname -p = unknown
/bin/uname -X     = unknown

/bin/arch              = unknown
/usr/bin/arch -k       = unknown
/usr/convex/getsysinfo = unknown
/usr/bin/hostinfo      = unknown
/bin/machine           = unknown
/usr/bin/oslevel       = unknown
/bin/universe          = unknown

PATH: /usr/local/sbin
PATH: /usr/local/bin
PATH: /usr/sbin
PATH: /usr/bin
PATH: /sbin
PATH: /bin
PATH: /usr/games
PATH: /usr/local/games


## ----------- ##
## Core tests. ##
## ----------- ##

configure:2526: checking for a BSD-compatible install
configure:2594: result: /usr/bin/install -c
configure:2605: checking whether build environment is sane
configure:2642: result: yes
configure:2704: checking for gawk
configure:2734: result: no
configure:2704: checking for mawk
configure:2720: found /usr/bin/mawk
configure:2731: result: mawk
configure:2742: checking whether make sets $(MAKE)
configure:2764: result: yes
configure:2957: checking for style of include used by make
configure:2985: result: GNU
configure:3058: checking for gcc
configure:3074: found /usr/bin/gcc
configure:3085: result: gcc
configure:3314: checking for C compiler version
configure:3323: gcc --version >&5
gcc (Ubuntu 4.8.4-2ubuntu1~14.04) 4.8.4
Copyright (C) 2013 Free Software Foundation, Inc.
This is free software; see the source for copying conditions.  There is NO
warranty; not even for MERCHANTABILITY or FITNESS FOR A PARTICULAR PURPOSE.

configure:3334: $? = 0
configure:3323: gcc -v >&5
Using built-in specs.
COLLECT_GCC=gcc
COLLECT_LTO_WRAPPER=/usr/lib/gcc/x86_64-linux-gnu/4.8/lto-wrapper
Target: x86_64-linux-gnu
Configured with: ../src/configure -v --with-pkgversion='Ubuntu 4.8.4-2ubuntu1~14.04' --with-bugurl=file:///usr/share/doc/gcc-4.8/README.Bugs --enable-languages=c,c++,java,go,d,fortran,objc,obj-c++ --prefix=/usr --program-suffix=-4.8 --enable-shared --enable-linker-build-id --libexecdir=/usr/lib --without-included-gettext --enable-threads=posix --with-gxx-include-dir=/usr/include/c++/4.8 --libdir=/usr/lib --enable-nls --with-sysroot=/ --enable-clocale=gnu --enable-libstdcxx-debug --enable-libstdcxx-time=yes --enable-gnu-unique-object --disable-libmudflap --enable-plugin --with-system-zlib --disable-browser-plugin --enable-java-awt=gtk --enable-gtk-cairo --with-java-home=/usr/lib/jvm/java-1.5.0-gcj-4.8-amd64/jre --enable-java-home --with-jvm-root-dir=/usr/lib/jvm/java-1.5.0-gcj-4.8-amd64 --with-jvm-jar-dir=/usr/lib/jvm-exports/java-1.5.0-gcj-4.8-amd64 --with-arch-directory=amd64 --with-ecj-jar=/usr/share/java/eclipse-ecj.jar --enable-objc-gc --enable-multiarch --disable-werror --with-arch-32=i686 --with-abi=m64 --with-multilib-list=m32,m64,mx32 --with-tune=generic --enable-checking=release --build=x86_64-linux-gnu --host=x86_64-linux-gnu --target=x86_64-linux-gnu
Thread model: posix
gcc version 4.8.4 (Ubuntu 4.8.4-2ubuntu1~14.04) 
configure:3334: $? = 0
configure:3323: gcc -V >&5
gcc: error: unrecognized command line option '-V'
gcc: fatal error: no input files
compilation terminated.
configure:3334: $? = 4
configure:3323: gcc -qversion >&5
gcc: error: unrecognized command line option '-qversion'
gcc: fatal error: no input files
compilation terminated.
configure:3334: $? = 4
configure:3354: checking whether the C compiler works
configure:3376: gcc    conftest.c  >&5
configure:3380: $? = 0
configure:3428: result: yes
configure:3431: checking for C compiler default output file name
configure:3433: result: a.out
configure:3439: checking for suffix of executables
configure:3446: gcc -o conftest    conftest.c  >&5
configure:3450: $? = 0
configure:3472: result: 
configure:3494: checking whether we are cross compiling
configure:3502: gcc -o conftest    conftest.c  >&5
configure:3506: $? = 0
configure:3513: ./conftest
configure:3517: $? = 0
configure:3532: result: no
configure:3537: checking for suffix of object files
configure:3559: gcc -c   conftest.c >&5
configure:3563: $? = 0
configure:3584: result: o
configure:3588: checking whether we are using the GNU C compiler
configure:3607: gcc -c   conftest.c >&5
configure:3607: $? = 0
configure:3616: result: yes
configure:3625: checking whether gcc accepts -g
configure:3645: gcc -c -g  conftest.c >&5
configure:3645: $? = 0
configure:3686: result: yes
configure:3703: checking for gcc option to accept ISO C89
configure:3766: gcc  -c -g -O2  conftest.c >&5
configure:3766: $? = 0
configure:3779: result: none needed
configure:3801: checking dependency style of gcc
configure:3891: result: gcc3
configure:3914: checking how to run the C preprocessor
configure:3945: gcc -E  conftest.c
configure:3945: $? = 0
configure:3959: gcc -E  conftest.c
conftest.c:11:28: fatal error: ac_nonexistent.h: No such file or directory
 #include <ac_nonexistent.h>
                            ^
compilation terminated.
configure:3959: $? = 1
configure: failed program was:
| /* confdefs.h */
| #define PACKAGE_NAME "fastcgi2"
| #define PACKAGE_TARNAME "fastcgi2"
| #define PACKAGE_VERSION "2.0-1"
| #define PACKAGE_STRING "fastcgi2 2.0-1"
| #define PACKAGE_BUGREPORT "golubtsov@yandex-team.ru"
| #define PACKAGE_URL ""
| #define PACKAGE "fastcgi2"
| #define VERSION "2.0-1"
| /* end confdefs.h.  */
| #include <ac_nonexistent.h>
configure:3984: result: gcc -E
configure:4004: gcc -E  conftest.c
configure:4004: $? = 0
configure:4018: gcc -E  conftest.c
conftest.c:11:28: fatal error: ac_nonexistent.h: No such file or directory
 #include <ac_nonexistent.h>
                            ^
compilation terminated.
configure:4018: $? = 1
configure: failed program was:
| /* confdefs.h */
| #define PACKAGE_NAME "fastcgi2"
| #define PACKAGE_TARNAME "fastcgi2"
| #define PACKAGE_VERSION "2.0-1"
| #define PACKAGE_STRING "fastcgi2 2.0-1"
| #define PACKAGE_BUGREPORT "golubtsov@yandex-team.ru"
| #define PACKAGE_URL ""
| #define PACKAGE "fastcgi2"
| #define VERSION "2.0-1"
| /* end confdefs.h.  */
| #include <ac_nonexistent.h>
configure:4047: checking for grep that handles long lines and -e
configure:4105: result: /bin/grep
configure:4110: checking for egrep
configure:4172: result: /bin/grep -E
configure:4177: checking for ANSI C header files
configure:4197: gcc -c -g -O2  conftest.c >&5
configure:4197: $? = 0
configure:4270: gcc -o conftest -g -O2   conftest.c  >&5
configure:4270: $? = 0
configure:4270: ./conftest
configure:4270: $? = 0
configure:4281: result: yes
configure:4294: checking for sys/types.h
configure:4294: gcc -c -g -O2  conftest.c >&5
configure:4294: $? = 0
configure:4294: result: yes
configure:4294: checking for sys/stat.h
configure:4294: gcc -c -g -O2  conftest.c >&5
configure:4294: $? = 0
configure:4294: result: yes
configure:4294: checking for stdlib.h
configure:4294: gcc -c -g -O2  conftest.c >&5
configure:4294: $? = 0
configure:4294: result: yes
configure:4294: checking for string.h
configure:4294: gcc -c -g -O2  conftest.c >&5
configure:4294: $? = 0
configure:4294: result: yes
configure:4294: checking for memory.h
configure:4294: gcc -c -g -O2  conftest.c >&5
configure:4294: $? = 0
configure:4294: result: yes
configure:4294: checking for strings.h
configure:4294: gcc -c -g -O2  conftest.c >&5
configure:4294: $? = 0
configure:4294: result: yes
configure:4294: checking for inttypes.h
configure:4294: gcc -c -g -O2  conftest.c >&5
configure:4294: $? = 0
configure:4294: result: yes
configure:4294: checking for stdint.h
configure:4294: gcc -c -g -O2  conftest.c >&5
configure:4294: $? = 0
configure:4294: result: yes
configure:4294: checking for unistd.h
configure:4294: gcc -c -g -O2  conftest.c >&5
configure:4294: $? = 0
configure:4294: result: yes
configure:4307: checking minix/config.h usability
configure:4307: gcc -c -g -O2  conftest.c >&5
conftest.c:54:26: fatal error: minix/config.h: No such file or directory
 #include <minix/config.h>
                          ^
compilation terminated.
configure:4307: $? = 1
configure: failed program was:
| /* confdefs.h */
| #define PACKAGE_NAME "fastcgi2"
| #define PACKAGE_TARNAME "fastcgi2"
| #define PACKAGE_VERSION "2.0-1"
| #define PACKAGE_STRING "fastcgi2 2.0-1"
| #define PACKAGE_BUGREPORT "golubtsov@yandex-team.ru"
| #define PACKAGE_URL ""
| #define PACKAGE "fastcgi2"
| #define VERSION "2.0-1"
| #define STDC_HEADERS 1
| #define HAVE_SYS_TYPES_H 1
| #define HAVE_SYS_STAT_H 1
| #define HAVE_STDLIB_H 1
| #define HAVE_STRING_H 1
| #define HAVE_MEMORY_H 1
| #define HAVE_STRINGS_H 1
| #define HAVE_INTTYPES_H 1
| #define HAVE_STDINT_H 1
| #define HAVE_UNISTD_H 1
| /* end confdefs.h.  */
| #include <stdio.h>
| #ifdef HAVE_SYS_TYPES_H
| # include <sys/types.h>
| #endif
| #ifdef HAVE_SYS_STAT_H
| # include <sys/stat.h>
| #endif
| #ifdef STDC_HEADERS
| # include <stdlib.h>
| # include <stddef.h>
| #else
| # ifdef HAVE_STDLIB_H
| #  include <stdlib.h>
| # endif
| #endif
| #ifdef HAVE_STRING_H
| # if !defined STDC_HEADERS && defined HAVE_MEMORY_H
| #  include <memory.h>
| # endif
| # include <string.h>
| #endif
| #ifdef HAVE_STRINGS_H
| # include <strings.h>
| #endif
| #ifdef HAVE_INTTYPES_H
| # include <inttypes.h>
| #endif
| #ifdef HAVE_STDINT_H
| # include <stdint.h>
| #endif
| #ifdef HAVE_UNISTD_H
| # include <unistd.h>
| #endif
| #include <minix/config.h>
configure:4307: result: no
configure:4307: checking minix/config.h presence
configure:4307: gcc -E  conftest.c
conftest.c:21:26: fatal error: minix/config.h: No such file or directory
 #include <minix/config.h>
                          ^
compilation terminated.
configure:4307: $? = 1
configure: failed program was:
| /* confdefs.h */
| #define PACKAGE_NAME "fastcgi2"
| #define PACKAGE_TARNAME "fastcgi2"
| #define PACKAGE_VERSION "2.0-1"
| #define PACKAGE_STRING "fastcgi2 2.0-1"
| #define PACKAGE_BUGREPORT "golubtsov@yandex-team.ru"
| #define PACKAGE_URL ""
| #define PACKAGE "fastcgi2"
| #define VERSION "2.0-1"
| #define STDC_HEADERS 1
| #define HAVE_SYS_TYPES_H 1
| #define HAVE_SYS_STAT_H 1
| #define HAVE_STDLIB_H 1
| #define HAVE_STRING_H 1
| #define HAVE_MEMORY_H 1
| #define HAVE_STRINGS_H 1
| #define HAVE_INTTYPES_H 1
| #define HAVE_STDINT_H 1
| #define HAVE_UNISTD_H 1
| /* end confdefs.h.  */
| #include <minix/config.h>
configure:4307: result: no
configure:4307: checking for minix/config.h
configure:4307: result: no
configure:4328: checking whether it is safe to define __EXTENSIONS__
configure:4346: gcc -c -g -O2  conftest.c >&5
configure:4346: $? = 0
configure:4353: result: yes
configure:4483: checking for C++ compiler version
configure:4492: g++ --version >&5
g++ (Ubuntu 4.8.4-2ubuntu1~14.04) 4.8.4
Copyright (C) 2013 Free Software Foundation, Inc.
This is free software; see the source for copying conditions.  There is NO
warranty; not even for MERCHANTABILITY or FITNESS FOR A PARTICULAR PURPOSE.

configure:4503: $? = 0
configure:4492: g++ -v >&5
Using built-in specs.
COLLECT_GCC=g++
COLLECT_LTO_WRAPPER=/usr/lib/gcc/x86_64-linux-gnu/4.8/lto-wrapper
Target: x86_64-linux-gnu
Configured with: ../src/configure -v --with-pkgversion='Ubuntu 4.8.4-2ubuntu1~14.04' --with-bugurl=file:///usr/share/doc/gcc-4.8/README.Bugs --enable-languages=c,c++,java,go,d,fortran,objc,obj-c++ --prefix=/usr --program-suffix=-4.8 --enable-shared --enable-linker-build-id --libexecdir=/usr/lib --without-included-gettext --enable-threads=posix --with-gxx-include-dir=/usr/include/c++/4.8 --libdir=/usr/lib --enable-nls --with-sysroot=/ --enable-clocale=gnu --enable-libstdcxx-debug --enable-libstdcxx-time=yes --enable-gnu-unique-object --disable-libmudflap --enable-plugin --with-system-zlib --disable-browser-plugin --enable-java-awt=gtk --enable-gtk-cairo --with-java-home=/usr/lib/jvm/java-1.5.0-gcj-4.8-amd64/jre --enable-java-home --with-jvm-root-dir=/usr/lib/jvm/java-1.5.0-gcj-4.8-amd64 --with-jvm-jar-dir=/usr/lib/jvm-exports/java-1.5.0-gcj-4.8-amd64 --with-arch-directory=amd64 --with-ecj-jar=/usr/share/java/eclipse-ecj.jar --enable-objc-gc --enable-multiarch --disable-werror --with-arch-32=i686 --with-abi=m64 --with-multilib-list=m32,m64,mx32 --with-tune=generic --enable-checking=release --build=x86_64-linux-gnu --host=x86_64-linux-gnu --target=x86_64-linux-gnu
Thread model: posix
gcc version 4.8.4 (Ubuntu 4.8.4-2ubuntu1~14.04) 
configure:4503: $? = 0
configure:4492: g++ -V >&5
g++: error: unrecognized command line option '-V'
g++: fatal error: no input files
compilation terminated.
configure:4503: $? = 4
configure:4492: g++ -qversion >&5
g++: error: unrecognized command line option '-qversion'
g++: fatal error: no input files
compilation terminated.
configure:4503: $? = 4
configure:4507: checking whether we are using the GNU C++ compiler
configure:4526: g++ -c -g -O2 -fPIC -finline  conftest.cpp >&5
configure:4526: $? = 0
configure:4535: result: yes
configure:4544: checking whether g++ accepts -g
configure:4564: g++ -c -g  conftest.cpp >&5
configure:4564: $? = 0
configure:4605: result: yes
configure:4630: checking dependency style of g++
configure:4720: result: gcc3
configure:4742: checking how to run the C++ preprocessor
configure:4769: g++ -E  conftest.cpp
configure:4769: $? = 0
configure:4783: g++ -E  conftest.cpp
conftest.cpp:26:28: fatal error: ac_nonexistent.h: No such file or directory
 #include <ac_nonexistent.h>
                            ^
compilation terminated.
configure:4783: $? = 1
configure: failed program was:
| /* confdefs.h */
| #define PACKAGE_NAME "fastcgi2"
| #define PACKAGE_TARNAME "fastcgi2"
| #define PACKAGE_VERSION "2.0-1"
| #define PACKAGE_STRING "fastcgi2 2.0-1"
| #define PACKAGE_BUGREPORT "golubtsov@yandex-team.ru"
| #define PACKAGE_URL ""
| #define PACKAGE "fastcgi2"
| #define VERSION "2.0-1"
| #define STDC_HEADERS 1
| #define HAVE_SYS_TYPES_H 1
| #define HAVE_SYS_STAT_H 1
| #define HAVE_STDLIB_H 1
| #define HAVE_STRING_H 1
| #define HAVE_MEMORY_H 1
| #define HAVE_STRINGS_H 1
| #define HAVE_INTTYPES_H 1
| #define HAVE_STDINT_H 1
| #define HAVE_UNISTD_H 1
| #define __EXTENSIONS__ 1
| #define _ALL_SOURCE 1
| #define _GNU_SOURCE 1
| #define _POSIX_PTHREAD_SEMANTICS 1
| #define _TANDEM_SOURCE 1
| /* end confdefs.h.  */
| #include <ac_nonexistent.h>
configure:4808: result: g++ -E
configure:4828: g++ -E  conftest.cpp
configure:4828: $? = 0
configure:4842: g++ -E  conftest.cpp
conftest.cpp:26:28: fatal error: ac_nonexistent.h: No such file or directory
 #include <ac_nonexistent.h>
                            ^
compilation terminated.
configure:4842: $? = 1
configure: failed program was:
| /* confdefs.h */
| #define PACKAGE_NAME "fastcgi2"
| #define PACKAGE_TARNAME "fastcgi2"
| #define PACKAGE_VERSION "2.0-1"
| #define PACKAGE_STRING "fastcgi2 2.0-1"
| #define PACKAGE_BUGREPORT "golubtsov@yandex-team.ru"
| #define PACKAGE_URL ""
| #define PACKAGE "fastcgi2"
| #define VERSION "2.0-1"
| #define STDC_HEADERS 1
| #define HAVE_SYS_TYPES_H 1
| #define HAVE_SYS_STAT_H 1
| #define HAVE_STDLIB_H 1
| #define HAVE_STRING_H 1
| #define HAVE_MEMORY_H 1
| #define HAVE_STRINGS_H 1
| #define HAVE_INTTYPES_H 1
| #define HAVE_STDINT_H 1
| #define HAVE_UNISTD_H 1
| #define __EXTENSIONS__ 1
| #define _ALL_SOURCE 1
| #define _GNU_SOURCE 1
| #define _POSIX_PTHREAD_SEMANTICS 1
| #define _TANDEM_SOURCE 1
| /* end confdefs.h.  */
| #include <ac_nonexistent.h>
configure:4899: checking build system type
configure:4913: result: x86_64-unknown-linux-gnu
configure:4933: checking host system type
configure:4946: result: x86_64-unknown-linux-gnu
configure:4987: checking how to print strings
configure:5014: result: printf
configure:5035: checking for a sed that does not truncate output
configure:5099: result: /bin/sed
configure:5117: checking for fgrep
configure:5179: result: /bin/grep -F
configure:5214: checking for ld used by gcc
configure:5281: result: /usr/bin/ld
configure:5288: checking if the linker (/usr/bin/ld) is GNU ld
configure:5303: result: yes
configure:5315: checking for BSD- or MS-compatible name lister (nm)
configure:5364: result: /usr/bin/nm -B
configure:5494: checking the name lister (/usr/bin/nm -B) interface
configure:5501: gcc -c -g -O2  conftest.c >&5
configure:5504: /usr/bin/nm -B "conftest.o"
configure:5507: output
0000000000000000 B some_variable
configure:5514: result: BSD nm
configure:5517: checking whether ln -s works
configure:5521: result: yes
configure:5529: checking the maximum length of command line arguments
configure:5660: result: 3458764513820540925
configure:5677: checking whether the shell understands some XSI constructs
configure:5687: result: yes
configure:5691: checking whether the shell understands "+="
configure:5697: result: yes
configure:5732: checking how to convert x86_64-unknown-linux-gnu file names to x86_64-unknown-linux-gnu format
configure:5772: result: func_convert_file_noop
configure:5779: checking how to convert x86_64-unknown-linux-gnu file names to toolchain format
configure:5799: result: func_convert_file_noop
configure:5806: checking for /usr/bin/ld option to reload object files
configure:5813: result: -r
configure:5887: checking for objdump
configure:5903: found /usr/bin/objdump
configure:5914: result: objdump
configure:5946: checking how to recognize dependent libraries
configure:6144: result: pass_all
configure:6229: checking for dlltool
configure:6259: result: no
configure:6289: checking how to associate runtime and link libraries
configure:6316: result: printf %s\n
configure:6376: checking for ar
configure:6392: found /usr/bin/ar
configure:6403: result: ar
configure:6440: checking for archiver @FILE support
configure:6457: gcc -c -g -O2  conftest.c >&5
configure:6457: $? = 0
configure:6460: ar cru libconftest.a @conftest.lst >&5
configure:6463: $? = 0
configure:6468: ar cru libconftest.a @conftest.lst >&5
ar: conftest.o: No such file or directory
configure:6471: $? = 1
configure:6483: result: @
configure:6541: checking for strip
configure:6557: found /usr/bin/strip
configure:6568: result: strip
configure:6640: checking for ranlib
configure:6656: found /usr/bin/ranlib
configure:6667: result: ranlib
configure:6769: checking command to parse /usr/bin/nm -B output from gcc object
configure:6889: gcc -c -g -O2  conftest.c >&5
configure:6892: $? = 0
configure:6896: /usr/bin/nm -B conftest.o \| sed -n -e 's/^.*[ ]\([ABCDGIRSTW][ABCDGIRSTW]*\)[ ][ ]*\([_A-Za-z][_A-Za-z0-9]*\)$/\1 \2 \2/p' | sed '/ __gnu_lto/d' \> conftest.nm
configure:6899: $? = 0
configure:6965: gcc -o conftest -g -O2   conftest.c conftstm.o >&5
configure:6968: $? = 0
configure:7006: result: ok
configure:7043: checking for sysroot
configure:7073: result: no
configure:7150: gcc -c -g -O2  conftest.c >&5
configure:7153: $? = 0
configure:7342: checking for mt
configure:7358: found /bin/mt
configure:7369: result: mt
configure:7392: checking if mt is a manifest tool
configure:7398: mt '-?'
configure:7406: result: no
configure:8045: checking for dlfcn.h
configure:8045: gcc -c -g -O2  conftest.c >&5
configure:8045: $? = 0
configure:8045: result: yes
configure:8262: checking for objdir
configure:8277: result: .libs
configure:8548: checking if gcc supports -fno-rtti -fno-exceptions
configure:8566: gcc -c -g -O2  -fno-rtti -fno-exceptions conftest.c >&5
cc1: warning: command line option '-fno-rtti' is valid for C++/ObjC++ but not for C [enabled by default]
configure:8570: $? = 0
configure:8583: result: no
configure:8910: checking for gcc option to produce PIC
configure:8917: result: -fPIC -DPIC
configure:8925: checking if gcc PIC flag -fPIC -DPIC works
configure:8943: gcc -c -g -O2  -fPIC -DPIC -DPIC conftest.c >&5
configure:8947: $? = 0
configure:8960: result: yes
configure:8989: checking if gcc static flag -static works
configure:9017: result: yes
configure:9032: checking if gcc supports -c -o file.o
configure:9053: gcc -c -g -O2  -o out/conftest2.o conftest.c >&5
configure:9057: $? = 0
configure:9079: result: yes
configure:9087: checking if gcc supports -c -o file.o
configure:9134: result: yes
configure:9167: checking whether the gcc linker (/usr/bin/ld -m elf_x86_64) supports shared libraries
configure:10324: result: yes
configure:10361: checking whether -lc should be explicitly linked in
configure:10369: gcc -c -g -O2  conftest.c >&5
configure:10372: $? = 0
configure:10387: gcc -shared  -fPIC -DPIC conftest.o  -v -Wl,-soname -Wl,conftest -o conftest 2\>\&1 \| /bin/grep  -lc  \>/dev/null 2\>\&1
configure:10390: $? = 0
configure:10404: result: no
configure:10564: checking dynamic linker characteristics
configure:11064: gcc -o conftest -g -O2   -Wl,-rpath -Wl,/foo conftest.c  >&5
configure:11064: $? = 0
configure:11298: result: GNU/Linux ld.so
configure:11405: checking how to hardcode library paths into programs
configure:11430: result: immediate
configure:11970: checking whether stripping libraries is possible
configure:11975: result: yes
configure:12010: checking if libtool supports shared libraries
configure:12012: result: yes
configure:12015: checking whether to build shared libraries
configure:12036: result: yes
configure:12039: checking whether to build static libraries
configure:12043: result: yes
configure:12066: checking how to run the C++ preprocessor
configure:12132: result: g++ -E
configure:12152: g++ -E  conftest.cpp
configure:12152: $? = 0
configure:12166: g++ -E  conftest.cpp
conftest.cpp:28:28: fatal error: ac_nonexistent.h: No such file or directory
 #include <ac_nonexistent.h>
                            ^
compilation terminated.
configure:12166: $? = 1
configure: failed program was:
| /* confdefs.h */
| #define PACKAGE_NAME "fastcgi2"
| #define PACKAGE_TARNAME "fastcgi2"
| #define PACKAGE_VERSION "2.0-1"
| #define PACKAGE_STRING "fastcgi2 2.0-1"
| #define PACKAGE_BUGREPORT "golubtsov@yandex-team.ru"
| #define PACKAGE_URL ""
| #define PACKAGE "fastcgi2"
| #define VERSION "2.0-1"
| #define STDC_HEADERS 1
| #define HAVE_SYS_TYPES_H 1
| #define HAVE_SYS_STAT_H 1
| #define HAVE_STDLIB_H 1
| #define HAVE_STRING_H 1
| #define HAVE_MEMORY_H 1
| #define HAVE_STRINGS_H 1
| #define HAVE_INTTYPES_H 1
| #define HAVE_STDINT_H 1
| #define HAVE_UNISTD_H 1
| #define __EXTENSIONS__ 1
| #define _ALL_SOURCE 1
| #define _GNU_SOURCE 1
| #define _POSIX_PTHREAD_SEMANTICS 1
| #define _TANDEM_SOURCE 1
| #define HAVE_DLFCN_H 1
| #define LT_OBJDIR ".libs/"
| /* end confdefs.h.  */
| #include <ac_nonexistent.h>
configure:12335: checking for ld used by g++
configure:12402: result: /usr/bin/ld -m elf_x86_64
configure:12409: checking if the linker (/usr/bin/ld -m elf_x86_64) is GNU ld
configure:12424: result: yes
configure:12479: checking whether the g++ linker (/usr/bin/ld -m elf_x86_64) supports shared libraries
configure:13481: result: yes
configure:13517: g++ -c -g -O2 -fPIC -finline  conftest.cpp >&5
configure:13520: $? = 0
configure:14040: checking for g++ option to produce PIC
configure:14047: result: -fPIC -DPIC
configure:14055: checking if g++ PIC flag -fPIC -DPIC works
configure:14073: g++ -c -g -O2 -fPIC -finline  -fPIC -DPIC -DPIC conftest.cpp >&5
configure:14077: $? = 0
configure:14090: result: yes
configure:14113: checking if g++ static flag -static works
configure:14141: result: yes
configure:14153: checking if g++ supports -c -o file.o
configure:14174: g++ -c -g -O2 -fPIC -finline  -o out/conftest2.o conftest.cpp >&5
configure:14178: $? = 0
configure:14200: result: yes
configure:14205: checking if g++ supports -c -o file.o
configure:14252: result: yes
configure:14282: checking whether the g++ linker (/usr/bin/ld -m elf_x86_64) supports shared libraries
configure:14321: result: yes
configure:14462: checking dynamic linker characteristics
configure:15130: result: GNU/Linux ld.so
configure:15183: checking how to hardcode library paths into programs
configure:15208: result: immediate
configure:15276: checking whether to enable maintainer-specific portions of Makefiles
configure:15285: result: yes
configure:15355: checking for pkg-config
configure:15373: found /usr/bin/pkg-config
configure:15385: result: /usr/bin/pkg-config
configure:15410: checking pkg-config is at least version 0.9.0
configure:15413: result: yes
configure:15423: checking for yandex_platform
configure:15430: $PKG_CONFIG --exists --print-errors "yandex-platform"
Package yandex-platform was not found in the pkg-config search path.
Perhaps you should add the directory containing `yandex-platform.pc'
to the PKG_CONFIG_PATH environment variable
No package 'yandex-platform' found
configure:15433: $? = 1
configure:15447: $PKG_CONFIG --exists --print-errors "yandex-platform"
Package yandex-platform was not found in the pkg-config search path.
Perhaps you should add the directory containing `yandex-platform.pc'
to the PKG_CONFIG_PATH environment variable
No package 'yandex-platform' found
configure:15450: $? = 1
configure:15464: result: no
No package 'yandex-platform' found
configure:15503: checking for special C compiler options needed for large files
configure:15548: result: no
configure:15554: checking for _FILE_OFFSET_BITS value needed for large files
configure:15579: g++ -c -g -O2 -fPIC -finline  -pthread conftest.cpp >&5
configure:15579: $? = 0
configure:15611: result: no
configure:15697: checking whether the compiler supports __gnu_cxx::hash_map
configure:15721: g++ -c -g -O2 -fPIC -finline  -pthread conftest.cpp >&5
In file included from /usr/include/c++/4.8/ext/hash_map:60:0,
                 from conftest.cpp:28:
/usr/include/c++/4.8/backward/backward_warning.h:32:2: warning: #warning This file includes at least one deprecated or antiquated header which may be removed without further notice at a future date. Please use a non-deprecated interface with equivalent functionality instead. For a listing of replacement headers and interfaces, consult the file backward_warning.h. To disable this warning use -Wno-deprecated. [-Wcpp]
 #warning \
  ^
configure:15721: $? = 0
configure:15735: result: yes
configure:15744: checking whether the compiler supports std::hash_map
configure:15768: g++ -c -g -O2 -fPIC -finline  -pthread conftest.cpp >&5
In file included from /usr/include/c++/4.8/backward/hash_map:60:0,
                 from conftest.cpp:29:
/usr/include/c++/4.8/backward/backward_warning.h:32:2: warning: #warning This file includes at least one deprecated or antiquated header which may be removed without further notice at a future date. Please use a non-deprecated interface with equivalent functionality instead. For a listing of replacement headers and interfaces, consult the file backward_warning.h. To disable this warning use -Wno-deprecated. [-Wcpp]
 #warning \
  ^
conftest.cpp:30:12: error: 'std::hash_map' has not been declared
 using std::hash_map;
            ^
configure:15768: $? = 1
configure: failed program was:
| /* confdefs.h */
| #define PACKAGE_NAME "fastcgi2"
| #define PACKAGE_TARNAME "fastcgi2"
| #define PACKAGE_VERSION "2.0-1"
| #define PACKAGE_STRING "fastcgi2 2.0-1"
| #define PACKAGE_BUGREPORT "golubtsov@yandex-team.ru"
| #define PACKAGE_URL ""
| #define PACKAGE "fastcgi2"
| #define VERSION "2.0-1"
| #define STDC_HEADERS 1
| #define HAVE_SYS_TYPES_H 1
| #define HAVE_SYS_STAT_H 1
| #define HAVE_STDLIB_H 1
| #define HAVE_STRING_H 1
| #define HAVE_MEMORY_H 1
| #define HAVE_STRINGS_H 1
| #define HAVE_INTTYPES_H 1
| #define HAVE_STDINT_H 1
| #define HAVE_UNISTD_H 1
| #define __EXTENSIONS__ 1
| #define _ALL_SOURCE 1
| #define _GNU_SOURCE 1
| #define _POSIX_PTHREAD_SEMANTICS 1
| #define _TANDEM_SOURCE 1
| #define HAVE_DLFCN_H 1
| #define LT_OBJDIR ".libs/"
| #define HAVE_GNUCXX_HASHMAP /**/
| /* end confdefs.h.  */
| #include <hash_map>
| using std::hash_map;
| int
| main ()
| {
| 
|   ;
|   return 0;
| }
configure:15782: result: no
configure:15790: checking whether the compiler implements namespaces
configure:15813: g++ -c -g -O2 -fPIC -finline  -pthread conftest.cpp >&5
configure:15813: $? = 0
configure:15827: result: yes
configure:15835: checking whether the compiler has ext/hash_map
configure:15862: g++ -c -g -O2 -fPIC -finline  -pthread conftest.cpp >&5
In file included from /usr/include/c++/4.8/ext/hash_map:60:0,
                 from conftest.cpp:30:
/usr/include/c++/4.8/backward/backward_warning.h:32:2: warning: #warning This file includes at least one deprecated or antiquated header which may be removed without further notice at a future date. Please use a non-deprecated interface with equivalent functionality instead. For a listing of replacement headers and interfaces, consult the file backward_warning.h. To disable this warning use -Wno-deprecated. [-Wcpp]
 #warning \
  ^
conftest.cpp: In function 'int main()':
conftest.cpp:37:1: error: 'hash_map' was not declared in this scope
 hash_map<int, int> t; return 0;
 ^
conftest.cpp:37:1: note: suggested alternative:
In file included from conftest.cpp:30:0:
/usr/include/c++/4.8/ext/hash_map:83:11: note:   '__gnu_cxx::hash_map'
     class hash_map
           ^
conftest.cpp:37:10: error: expected primary-expression before 'int'
 hash_map<int, int> t; return 0;
          ^
conftest.cpp:37:10: error: expected ';' before 'int'
configure:15862: $? = 1
configure: failed program was:
| /* confdefs.h */
| #define PACKAGE_NAME "fastcgi2"
| #define PACKAGE_TARNAME "fastcgi2"
| #define PACKAGE_VERSION "2.0-1"
| #define PACKAGE_STRING "fastcgi2 2.0-1"
| #define PACKAGE_BUGREPORT "golubtsov@yandex-team.ru"
| #define PACKAGE_URL ""
| #define PACKAGE "fastcgi2"
| #define VERSION "2.0-1"
| #define STDC_HEADERS 1
| #define HAVE_SYS_TYPES_H 1
| #define HAVE_SYS_STAT_H 1
| #define HAVE_STDLIB_H 1
| #define HAVE_STRING_H 1
| #define HAVE_MEMORY_H 1
| #define HAVE_STRINGS_H 1
| #define HAVE_INTTYPES_H 1
| #define HAVE_STDINT_H 1
| #define HAVE_UNISTD_H 1
| #define __EXTENSIONS__ 1
| #define _ALL_SOURCE 1
| #define _GNU_SOURCE 1
| #define _POSIX_PTHREAD_SEMANTICS 1
| #define _TANDEM_SOURCE 1
| #define HAVE_DLFCN_H 1
| #define LT_OBJDIR ".libs/"
| #define HAVE_GNUCXX_HASHMAP /**/
| #define HAVE_NAMESPACES /**/
| /* end confdefs.h.  */
| #include <ext/hash_map>
| #ifdef HAVE_NAMESPACES
| using namespace std;
| #endif
| int
| main ()
| {
| hash_map<int, int> t; return 0;
|   ;
|   return 0;
| }
configure:15876: result: no
configure:15887: checking for xml
configure:15894: $PKG_CONFIG --exists --print-errors "libxml-2.0"
configure:15897: $? = 0
configure:15911: $PKG_CONFIG --exists --print-errors "libxml-2.0"
configure:15914: $? = 0
configure:15952: result: yes
configure:15963: checking for FCGX_Accept_r in -lfcgi
configure:15988: g++ -o conftest -g -O2 -fPIC -finline  -pthread  conftest.cpp -lfcgi   >&5
configure:15988: $? = 0
configure:15997: result: yes
configure:16020: checking linkage with libfcgi++
configure:16033: g++ -o conftest -g -O2 -fPIC -finline  -pthread  conftest.cpp  -lfcgi -lfcgi++ >&5
configure:16033: $? = 0
configure:16034: result: yes
configure:16204: checking for cppunit-config
configure:16235: result: no
configure:16245: checking for Cppunit - version >= 
configure:16249: result: no
configure:16370: checking for cppunit-config
configure:16401: result: no
configure:16411: checking for Cppunit - version >= 1.10.0
configure:16415: result: no
configure:16483: checking linkage with cppunit
configure:16496: g++ -o conftest -g -O2 -fPIC -finline  -pthread   conftest.cpp   >&5
conftest.cpp:31:40: fatal error: cppunit/ui/text/TestRunner.h: No such file or directory
 #include <cppunit/ui/text/TestRunner.h>
                                        ^
compilation terminated.
configure:16496: $? = 1
configure: failed program was:
| /* confdefs.h */
| #define PACKAGE_NAME "fastcgi2"
| #define PACKAGE_TARNAME "fastcgi2"
| #define PACKAGE_VERSION "2.0-1"
| #define PACKAGE_STRING "fastcgi2 2.0-1"
| #define PACKAGE_BUGREPORT "golubtsov@yandex-team.ru"
| #define PACKAGE_URL ""
| #define PACKAGE "fastcgi2"
| #define VERSION "2.0-1"
| #define STDC_HEADERS 1
| #define HAVE_SYS_TYPES_H 1
| #define HAVE_SYS_STAT_H 1
| #define HAVE_STDLIB_H 1
| #define HAVE_STRING_H 1
| #define HAVE_MEMORY_H 1
| #define HAVE_STRINGS_H 1
| #define HAVE_INTTYPES_H 1
| #define HAVE_STDINT_H 1
| #define HAVE_UNISTD_H 1
| #define __EXTENSIONS__ 1
| #define _ALL_SOURCE 1
| #define _GNU_SOURCE 1
| #define _POSIX_PTHREAD_SEMANTICS 1
| #define _TANDEM_SOURCE 1
| #define HAVE_DLFCN_H 1
| #define LT_OBJDIR ".libs/"
| #define HAVE_GNUCXX_HASHMAP /**/
| #define HAVE_NAMESPACES /**/
| #define HAVE_LIBFCGI 1
| /* end confdefs.h.  */
| #include <cppunit/ui/text/TestRunner.h>
| int
| main ()
| {
| CppUnit::TextUi::TestRunner r;
|   ;
|   return 0;
| }
configure:16500: result: no
configure:16521: WARNING: cppunit library not found. compilation of tests disabled
configure:16538: checking trying fo find to find va_copy macro
configure:16551: g++ -c -g -O2 -fPIC -finline  -pthread conftest.cpp >&5
configure:16551: $? = 0
configure:16557: result: yes
configure:16561: checking trying fo find to find __va_copy macro
configure:16574: g++ -c -g -O2 -fPIC -finline  -pthread conftest.cpp >&5
configure:16574: $? = 0
configure:16580: result: yes
configure:16643: checking for boostlib >= 1.30
configure:16697: g++ -c -g -O2 -fPIC -finline  -pthread -I/usr/include conftest.cpp >&5
configure:16697: $? = 0
configure:16699: result: yes
configure:16869: checking whether boost is installed in /usr/local
configure:16878: result: no
configure:16869: checking whether boost is installed in /usr
configure:16878: result: yes
configure:16905: checking for boost_thread
configure:16927: result: boost_thread
configure:16940: checking boost/thread.hpp usability
configure:16940: g++ -c -g -O2 -fPIC -finline  -pthread -I/usr/include conftest.cpp >&5
configure:16940: $? = 0
configure:16940: result: yes
configure:16940: checking boost/thread.hpp presence
configure:16940: g++ -E  -pthread -I/usr/include conftest.cpp
configure:16940: $? = 0
configure:16940: result: yes
configure:16940: checking for boost/thread.hpp
configure:16940: result: yes
configure:16961: checking boost/thread/mutex.hpp usability
configure:16961: g++ -c -g -O2 -fPIC -finline  -pthread -I/usr/include conftest.cpp >&5
configure:16961: $? = 0
configure:16961: result: yes
configure:16961: checking boost/thread/mutex.hpp presence
configure:16961: g++ -E  -pthread -I/usr/include conftest.cpp
configure:16961: $? = 0
configure:16961: result: yes
configure:16961: checking for boost/thread/mutex.hpp
configure:16961: result: yes
configure:16982: checking boost/thread/condition.hpp usability
configure:16982: g++ -c -g -O2 -fPIC -finline  -pthread -I/usr/include conftest.cpp >&5
configure:16982: $? = 0
configure:16982: result: yes
configure:16982: checking boost/thread/condition.hpp presence
configure:16982: g++ -E  -pthread -I/usr/include conftest.cpp
configure:16982: $? = 0
configure:16982: result: yes
configure:16982: checking for boost/thread/condition.hpp
configure:16982: result: yes
configure:17003: checking boost/thread/thread.hpp usability
configure:17003: g++ -c -g -O2 -fPIC -finline  -pthread -I/usr/include conftest.cpp >&5
configure:17003: $? = 0
configure:17003: result: yes
configure:17003: checking boost/thread/thread.hpp presence
configure:17003: g++ -E  -pthread -I/usr/include conftest.cpp
configure:17003: $? = 0
configure:17003: result: yes
configure:17003: checking for boost/thread/thread.hpp
configure:17003: result: yes
configure:17040: checking for boost_regex
configure:17062: result: boost_regex
configure:17075: checking boost/regex.hpp usability
configure:17075: g++ -c -g -O2 -fPIC -finline  -pthread -I/usr/include conftest.cpp >&5
configure:17075: $? = 0
configure:17075: result: yes
configure:17075: checking boost/regex.hpp presence
configure:17075: g++ -E  -pthread -I/usr/include conftest.cpp
configure:17075: $? = 0
configure:17075: result: yes
configure:17075: checking for boost/regex.hpp
configure:17075: result: yes
configure:17091: checking trying to link with boost::regex
configure:17104: g++ -o conftest -g -O2 -fPIC -finline  -pthread  -I/usr/lib -lboost_regex conftest.cpp  >&5
configure:17104: $? = 0
configure:17105: result: yes
configure:17130: checking whether C++ compiler accepts -W
configure:17145: g++ -c -W  -pthread conftest.cpp >&5
configure:17145: $? = 0
configure:17153: result: yes
configure:17130: checking whether C++ compiler accepts -Wall
configure:17145: g++ -c -Wall  -pthread conftest.cpp >&5
configure:17145: $? = 0
configure:17153: result: yes
configure:17130: checking whether C++ compiler accepts -Wextra
configure:17145: g++ -c -Wextra  -pthread conftest.cpp >&5
configure:17145: $? = 0
configure:17153: result: yes
configure:17130: checking whether C++ compiler accepts -fexceptions
configure:17145: g++ -c -fexceptions  -pthread conftest.cpp >&5
configure:17145: $? = 0
configure:17153: result: yes
configure:17130: checking whether C++ compiler accepts -frtti
configure:17145: g++ -c -frtti  -pthread conftest.cpp >&5
configure:17145: $? = 0
configure:17153: result: yes
configure:17130: checking whether C++ compiler accepts -ftemplate-depth-128
configure:17145: g++ -c -ftemplate-depth-128  -pthread conftest.cpp >&5
configure:17145: $? = 0
configure:17153: result: yes
configure:17306: creating ./config.status

## ---------------------- ##
## Running config.status. ##
## ---------------------- ##

This file was extended by fastcgi2 config.status 2.0-1, which was
generated by GNU Autoconf 2.69.  Invocation command line was

  CONFIG_FILES    = 
  CONFIG_HEADERS  = 
  CONFIG_LINKS    = 
  CONFIG_COMMANDS = 
  $ ./config.status 

on AlexanderVM

config.status:1177: creating Makefile
config.status:1177: creating include/Makefile
config.status:1177: creating include/fastcgi2/Makefile
config.status:1177: creating include/details/Makefile
config.status:1177: creating library/Makefile
config.status:1177: creating main/Makefile
config.status:1177: creating tests/Makefile
config.status:1177: creating example/Makefile
config.status:1177: creating syslog/Makefile
config.status:1177: creating request-cache/Makefile
config.status:1177: creating statistics/Makefile
config.status:1177: creating file-logger/Makefile
config.status:1177: creating config/settings.h
config.status:1399: executing depfiles commands
config.status:1399: executing libtool commands

## ---------------- ##
## Cache variables. ##
## ---------------- ##

ac_cv_build=x86_64-unknown-linux-gnu
ac_cv_c_compiler_gnu=yes
ac_cv_cxx_compiler_gnu=yes
ac_cv_cxx_gnucxx_hashmap=yes
ac_cv_cxx_have_ext_hash_map=no
ac_cv_cxx_namespaces=yes
ac_cv_cxx_stlport_hashmap=no
ac_cv_env_CCC_set=
ac_cv_env_CCC_value=
ac_cv_env_CC_set=
ac_cv_env_CC_value=
ac_cv_env_CFLAGS_set=
ac_cv_env_CFLAGS_value=
ac_cv_env_CPPFLAGS_set=
ac_cv_env_CPPFLAGS_value=
ac_cv_env_CPP_set=
ac_cv_env_CPP_value=
ac_cv_env_CXXCPP_set=
ac_cv_env_CXXCPP_value=
ac_cv_env_CXXFLAGS_set=set
ac_cv_env_CXXFLAGS_value='-g -O2 -fPIC -finline'
ac_cv_env_CXX_set=set
ac_cv_env_CXX_value=g++
ac_cv_env_LDFLAGS_set=set
ac_cv_env_LDFLAGS_value=
ac_cv_env_LIBS_set=
ac_cv_env_LIBS_value=
ac_cv_env_PKG_CONFIG_LIBDIR_set=
ac_cv_env_PKG_CONFIG_LIBDIR_value=
ac_cv_env_PKG_CONFIG_PATH_set=
ac_cv_env_PKG_CONFIG_PATH_value=
ac_cv_env_PKG_CONFIG_set=
ac_cv_env_PKG_CONFIG_value=
ac_cv_env_build_alias_set=
ac_cv_env_build_alias_value=
ac_cv_env_host_alias_set=
ac_cv_env_host_alias_value=
ac_cv_env_target_alias_set=
ac_cv_env_target_alias_value=
ac_cv_env_xml_CFLAGS_set=
ac_cv_env_xml_CFLAGS_value=
ac_cv_env_xml_LIBS_set=
ac_cv_env_xml_LIBS_value=
ac_cv_env_yandex_platform_CFLAGS_set=
ac_cv_env_yandex_platform_CFLAGS_value=
ac_cv_env_yandex_platform_LIBS_set=
ac_cv_env_yandex_platform_LIBS_value=
ac_cv_header_boost_regex_hpp=yes
ac_cv_header_boost_thread_condition_hpp=yes
ac_cv_header_boost_thread_hpp=yes
ac_cv_header_boost_thread_mutex_hpp=yes
ac_cv_header_boost_thread_thread_hpp=yes
ac_cv_header_dlfcn_h=yes
ac_cv_header_inttypes_h=yes
ac_cv_header_memory_h=yes
ac_cv_header_minix_config_h=no
ac_cv_header_stdc=yes
ac_cv_header_stdint_h=yes
ac_cv_header_stdlib_h=yes
ac_cv_header_string_h=yes
ac_cv_header_strings_h=yes
ac_cv_header_sys_stat_h=yes
ac_cv_header_sys_types_h=yes
ac_cv_header_unistd_h=yes
ac_cv_host=x86_64-unknown-linux-gnu
ac_cv_lib_fcgi_FCGX_Accept_r=yes
ac_cv_objext=o
ac_cv_path_CPPUNIT_CONFIG=no
ac_cv_path_EGREP='/bin/grep -E'
ac_cv_path_FGREP='/bin/grep -F'
ac_cv_path_GREP=/bin/grep
ac_cv_path_SED=/bin/sed
ac_cv_path_ac_pt_PKG_CONFIG=/usr/bin/pkg-config
ac_cv_path_install='/usr/bin/install -c'
ac_cv_prog_AWK=mawk
ac_cv_prog_CPP='gcc -E'
ac_cv_prog_CXXCPP='g++ -E'
ac_cv_prog_ac_ct_AR=ar
ac_cv_prog_ac_ct_CC=gcc
ac_cv_prog_ac_ct_MANIFEST_TOOL=mt
ac_cv_prog_ac_ct_OBJDUMP=objdump
ac_cv_prog_ac_ct_RANLIB=ranlib
ac_cv_prog_ac_ct_STRIP=strip
ac_cv_prog_cc_c89=
ac_cv_prog_cc_g=yes
ac_cv_prog_cxx_g=yes
ac_cv_prog_make_make_set=yes
ac_cv_safe_to_define___extensions__=yes
ac_cv_sys_file_offset_bits=no
ac_cv_sys_largefile_CC=no
am_cv_CC_dependencies_compiler_type=gcc3
am_cv_CXX_dependencies_compiler_type=gcc3
ax_cv_cxx_flags__W=yes
ax_cv_cxx_flags__Wall=yes
ax_cv_cxx_flags__Wextra=yes
ax_cv_cxx_flags__fexceptions=yes
ax_cv_cxx_flags__frtti=yes
ax_cv_cxx_flags__ftemplate_depth_128=yes
lt_cv_ar_at_file=@
lt_cv_archive_cmds_need_lc=no
lt_cv_deplibs_check_method=pass_all
lt_cv_file_magic_cmd='$MAGIC_CMD'
lt_cv_file_magic_test_file=
lt_cv_ld_reload_flag=-r
lt_cv_nm_interface='BSD nm'
lt_cv_objdir=.libs
lt_cv_path_LD=/usr/bin/ld
lt_cv_path_LDCXX='/usr/bin/ld -m elf_x86_64'
lt_cv_path_NM='/usr/bin/nm -B'
lt_cv_path_mainfest_tool=no
lt_cv_prog_compiler_c_o=yes
lt_cv_prog_compiler_c_o_CXX=yes
lt_cv_prog_compiler_pic='-fPIC -DPIC'
lt_cv_prog_compiler_pic_CXX='-fPIC -DPIC'
lt_cv_prog_compiler_pic_works=yes
lt_cv_prog_compiler_pic_works_CXX=yes
lt_cv_prog_compiler_rtti_exceptions=no
lt_cv_prog_compiler_static_works=yes
lt_cv_prog_compiler_static_works_CXX=yes
lt_cv_prog_gnu_ld=yes
lt_cv_prog_gnu_ldcxx=yes
lt_cv_sharedlib_from_linklib_cmd='printf %s\n'
lt_cv_shlibpath_overrides_runpath=no
lt_cv_sys_global_symbol_pipe='sed -n -e '\''s/^.*[	 ]\([ABCDGIRSTW][ABCDGIRSTW]*\)[	 ][	 ]*\([_A-Za-z][_A-Za-z0-9]*\)$/\1 \2 \2/p'\'' | sed '\''/ __gnu_lto/d'\'''
lt_cv_sys_global_symbol_to_c_name_address='sed -n -e '\''s/^: \([^ ]*\)[ ]*$/  {\"\1\", (void *) 0},/p'\'' -e '\''s/^[ABCDGIRSTW]* \([^ ]*\) \([^ ]*\)$/  {"\2", (void *) \&\2},/p'\'''
lt_cv_sys_global_symbol_to_c_name_address_lib_prefix='sed -n -e '\''s/^: \([^ ]*\)[ ]*$/  {\"\1\", (void *) 0},/p'\'' -e '\''s/^[ABCDGIRSTW]* \([^ ]*\) \(lib[^ ]*\)$/  {"\2", (void *) \&\2},/p'\'' -e '\''s/^[ABCDGIRSTW]* \([^ ]*\) \([^ ]*\)$/  {"lib\2", (void *) \&\2},/p'\'''
lt_cv_sys_global_symbol_to_cdecl='sed -n -e '\''s/^T .* \(.*\)$/extern int \1();/p'\'' -e '\''s/^[ABCDGIRSTW]* .* \(.*\)$/extern char \1;/p'\'''
lt_cv_sys_max_cmd_len=3458764513820540925
lt_cv_to_host_file_cmd=func_convert_file_noop
lt_cv_to_tool_file_cmd=func_convert_file_noop
pkg_cv_xml_CFLAGS='-I/usr/include/libxml2  '
pkg_cv_xml_LIBS='-lxml2  '

## ----------------- ##
## Output variables. ##
## ----------------- ##

ACLOCAL='${SHELL} /home/alexander/Documents/Count2/Fastcgi-Daemon/missing --run aclocal-1.9'
AMDEPBACKSLASH='\'
AMDEP_FALSE='#'
AMDEP_TRUE=''
AMTAR='${SHELL} /home/alexander/Documents/Count2/Fastcgi-Daemon/missing --run tar'
AR='ar'
AUTOCONF='${SHELL} /home/alexander/Documents/Count2/Fastcgi-Daemon/missing --run autoconf'
AUTOHEADER='${SHELL} /home/alexander/Documents/Count2/Fastcgi-Daemon/missing --run autoheader'
AUTOMAKE='${SHELL} /home/alexander/Documents/Count2/Fastcgi-Daemon/missing --run automake-1.9'
AWK='mawk'
BOOST_CPPFLAGS='-I/usr/include'
BOOST_LDFLAGS='-I/usr/lib'
BOOST_REGEX_LDFLAGS='-lboost_regex'
BOOST_THREAD_LDFLAGS='-lboost_thread'
CC='gcc'
CCDEPMODE='depmode=gcc3'
CFLAGS='-g -O2'
CPP='gcc -E'
CPPFLAGS=' -pthread'
CPPUNIT_CFLAGS=''
CPPUNIT_CONFIG='no'
CPPUNIT_LIBS=''
CXX='g++'
CXXCPP='g++ -E'
CXXDEPMODE='depmode=gcc3'
CXXFLAGS='-g -O2 -fPIC -finline -W -Wall -Wextra -fexceptions -frtti -ftemplate-depth-128'
CYGPATH_W='echo'
DEFS='-DHAVE_CONFIG_H'
DEPDIR='.deps'
DLLTOOL='false'
DSYMUTIL=''
DUMPBIN=''
ECHO_C=''
ECHO_N='-n'
ECHO_T=''
EGREP='/bin/grep -E'
EXEEXT=''
FGREP='/bin/grep -F'
GREP='/bin/grep'
HAVE_CPPUNIT_FALSE=''
HAVE_CPPUNIT_TRUE='#'
HAVE_DMALLOC_FALSE=''
HAVE_DMALLOC_TRUE='#'
INSTALL_DATA='${INSTALL} -m 644'
INSTALL_PROGRAM='${INSTALL}'
INSTALL_SCRIPT='${INSTALL}'
INSTALL_STRIP_PROGRAM='${SHELL} $(install_sh) -c -s'
LD='/usr/bin/ld -m elf_x86_64'
LDFLAGS=''
LIBOBJS=''
LIBS=''
LIBTOOL='$(SHELL) $(top_builddir)/libtool'
LIPO=''
LN_S='ln -s'
LTLIBOBJS=''
MAINT=''
MAINTAINER_MODE_FALSE='#'
MAINTAINER_MODE_TRUE=''
MAKEINFO='${SHELL} /home/alexander/Documents/Count2/Fastcgi-Daemon/missing --run makeinfo'
MANIFEST_TOOL=':'
NM='/usr/bin/nm -B'
NMEDIT=''
OBJDUMP='objdump'
OBJEXT='o'
OTOOL64=''
OTOOL=''
PACKAGE='fastcgi2'
PACKAGE_BUGREPORT='golubtsov@yandex-team.ru'
PACKAGE_NAME='fastcgi2'
PACKAGE_STRING='fastcgi2 2.0-1'
PACKAGE_TARNAME='fastcgi2'
PACKAGE_URL=''
PACKAGE_VERSION='2.0-1'
PATH_SEPARATOR=':'
PKG_CONFIG='/usr/bin/pkg-config'
PKG_CONFIG_LIBDIR=''
PKG_CONFIG_PATH=''
RANLIB='ranlib'
SED='/bin/sed'
SET_MAKE=''
SHELL='/bin/bash'
STRIP='strip'
VERSION='2.0-1'
ac_ct_AR='ar'
ac_ct_CC='gcc'
ac_ct_CXX=''
ac_ct_DUMPBIN=''
am__fastdepCC_FALSE='#'
am__fastdepCC_TRUE=''
am__fastdepCXX_FALSE='#'
am__fastdepCXX_TRUE=''
am__include='include'
am__leading_dot='.'
am__quote=''
am__tar='${AMTAR} chof - "$$tardir"'
am__untar='${AMTAR} xf -'
bindir='${exec_prefix}/bin'
build='x86_64-unknown-linux-gnu'
build_alias=''
build_cpu='x86_64'
build_os='linux-gnu'
build_vendor='unknown'
datadir='${datarootdir}'
datarootdir='${prefix}/share'
dmalloc_CFLAGS=''
dmalloc_LIBS=''
docdir='${datarootdir}/doc/${PACKAGE_TARNAME}'
dvidir='${docdir}'
exec_prefix='${prefix}'
host='x86_64-unknown-linux-gnu'
host_alias=''
host_cpu='x86_64'
host_os='linux-gnu'
host_vendor='unknown'
htmldir='${docdir}'
includedir='${prefix}/include'
infodir='${datarootdir}/info'
install_sh='/home/alexander/Documents/Count2/Fastcgi-Daemon/install-sh'
libdir='${exec_prefix}/lib'
libexecdir='${exec_prefix}/libexec'
localedir='${datarootdir}/locale'
localstatedir='/var/log/fastcgi2'
mandir='${datarootdir}/man'
mkdir_p='mkdir -p --'
oldincludedir='/usr/include'
pdfdir='${docdir}'
prefix='/usr'
program_transform_name='s,x,x,'
psdir='${docdir}'
sbindir='${exec_prefix}/sbin'
sharedstatedir='${prefix}/com'
sysconfdir='/etc/fastcgi2'
target_alias=''
xml_CFLAGS='-I/usr/include/libxml2  '
xml_LIBS='-lxml2  '
yandex_platform_CFLAGS=''
yandex_platform_LIBS=''

## ----------- ##
## confdefs.h. ##
## ----------- ##

/* confdefs.h */
#define PACKAGE_NAME "fastcgi2"
#define PACKAGE_TARNAME "fastcgi2"
#define PACKAGE_VERSION "2.0-1"
#define PACKAGE_STRING "fastcgi2 2.0-1"
#define PACKAGE_BUGREPORT "golubtsov@yandex-team.ru"
#define PACKAGE_URL ""
#define PACKAGE "fastcgi2"
#define VERSION "2.0-1"
#define STDC_HEADERS 1
#define HAVE_SYS_TYPES_H 1
#define HAVE_SYS_STAT_H 1
#define HAVE_STDLIB_H 1
#define HAVE_STRING_H 1
#define HAVE_MEMORY_H 1
#define HAVE_STRINGS_H 1
#define HAVE_INTTYPES_H 1
#define HAVE_STDINT_H 1
#define HAVE_UNISTD_H 1
#define __EXTENSIONS__ 1
#define _ALL_SOURCE 1
#define _GNU_SOURCE 1
#define _POSIX_PTHREAD_SEMANTICS 1
#define _TANDEM_SOURCE 1
#define HAVE_DLFCN_H 1
#define LT_OBJDIR ".libs/"
#define HAVE_GNUCXX_HASHMAP /**/
#define HAVE_NAMESPACES /**/
#define HAVE_LIBFCGI 1
#define HAVE_VA_COPY 1
#define HAVE_BOOST /**/

configure: exit 0
